#
# There is insufficient memory for the Java Runtime Environment to continue.
# Native memory allocation (mmap) failed to map 62914560 bytes for G1 virtual space
# Possible reasons:
#   The system is out of physical RAM or swap space
#   The process is running with CompressedOops enabled, and the Java Heap may be blocking the growth of the native heap
# Possible solutions:
#   Reduce memory load on the system
#   Increase physical memory or swap space
#   Check if swap backing store is full
#   Decrease Java heap size (-Xmx/-Xms)
#   Decrease number of Java threads
#   Decrease Java thread stack sizes (-Xss)
#   Set larger code cache with -XX:ReservedCodeCacheSize=
#   JVM is running with Unscaled Compressed Oops mode in which the Java heap is
#     placed in the first 4GB address space. The Java Heap base address is the
#     maximum limit for the native heap growth. Please use -XX:HeapBaseMinAddress
#     to set the Java Heap base and to place the Java Heap above 4GB virtual address.
# This output file may be truncated or incomplete.
#
#  Out of Memory Error (os_windows.cpp:3469), pid=13924, tid=10316
#
# JRE version:  (17.0+35) (build )
# Java VM: Java HotSpot(TM) 64-Bit Server VM (17+35-LTS-2724, mixed mode, emulated-client, sharing, tiered, compressed oops, compressed class ptrs, g1 gc, windows-amd64)
# No core dump will be written. Minidumps are not enabled by default on client versions of Windows
#

---------------  S U M M A R Y ------------

Command Line: -XX:TieredStopAtLevel=1 -Dspring.output.ansi.enabled=always -Dcom.sun.management.jmxremote -Dspring.jmx.enabled=true -Dspring.liveBeansView.mbeanDomain -Dspring.application.admin.enabled=true -Dmanagement.endpoints.jmx.exposure.include=* -javaagent:C:\Program Files\JetBrains\IntelliJ IDEA 2023.1\lib\idea_rt.jar=50127:C:\Program Files\JetBrains\IntelliJ IDEA 2023.1\bin -Dfile.encoding=UTF-8 br.edu.ifpb.dac.karoline.animaladoption.AnimalAdoptionApplication

Host: Intel(R) Pentium(R) Gold 7505 @ 2.00GHz, 4 cores, 3G,  Windows 10 , 64 bit Build 22621 (10.0.22621.2215)
Time: Wed Sep  6 10:57:59 2023 Hora Padrão de Buenos Aires elapsed time: 0.023752 seconds (0d 0h 0m 0s)

---------------  T H R E A D  ---------------

Current thread (0x00000198ca78a7a0):  JavaThread "Unknown thread" [_thread_in_vm, id=10316, stack(0x00000051b9a00000,0x00000051b9b00000)]

Stack: [0x00000051b9a00000,0x00000051b9b00000]
Native frames: (J=compiled Java code, j=interpreted, Vv=VM code, C=native code)
V  [jvm.dll+0x66f8ea]
V  [jvm.dll+0x7ce224]
V  [jvm.dll+0x7cf9ce]
V  [jvm.dll+0x7d0033]
V  [jvm.dll+0x242bb5]
V  [jvm.dll+0x66c909]
V  [jvm.dll+0x6613d2]
V  [jvm.dll+0x30082b]
V  [jvm.dll+0x307db6]
V  [jvm.dll+0x357a0e]
V  [jvm.dll+0x357c3f]
V  [jvm.dll+0x2d7ae8]
V  [jvm.dll+0x2d8a54]
V  [jvm.dll+0x7a00a1]
V  [jvm.dll+0x365781]
V  [jvm.dll+0x77f59c]
V  [jvm.dll+0x3e805f]
V  [jvm.dll+0x3e9b01]
C  [jli.dll+0x527b]
C  [ucrtbase.dll+0x29363]
C  [KERNEL32.DLL+0x1257d]
C  [ntdll.dll+0x5aa68]


---------------  P R O C E S S  ---------------

Threads class SMR info:
_java_thread_list=0x00007ffc691e7818, length=0, elements={
}

Java Threads: ( => current thread )

Other Threads:
  0x00000198ca7b7a50 GCTaskThread "GC Thread#0" [stack: 0x00000051b9b00000,0x00000051b9c00000] [id=7420]
  0x00000198ca7c0150 ConcurrentGCThread "G1 Main Marker" [stack: 0x00000051b9c00000,0x00000051b9d00000] [id=11444]
  0x00000198ca7c1b70 ConcurrentGCThread "G1 Conc#0" [stack: 0x00000051b9d00000,0x00000051b9e00000] [id=2840]

[error occurred during error reporting (printing all threads), id 0xc0000005, EXCEPTION_ACCESS_VIOLATION (0xc0000005) at pc=0x00007ffc68a384c7]

VM state: not at safepoint (not fully initialized)

VM Mutex/Monitor currently owned by a thread:  ([mutex/lock_event])
[0x00000198ca787850] Heap_lock - owner thread: 0x00000198ca78a7a0

Heap address: 0x00000000c4200000, size: 958 MB, Compressed Oops mode: 32-bit

CDS archive(s) mapped at: [0x0000000000000000-0x0000000000000000-0x0000000000000000), size 0, SharedBaseAddress: 0x0000000800000000, ArchiveRelocationMode: 0.
Narrow klass base: 0x0000000000000000, Narrow klass shift: 0, Narrow klass range: 0x0

GC Precious Log:
<Empty>

Heap:
 garbage-first heap   total 0K, used 0K [0x00000000c4200000, 0x0000000100000000)
  region size 1024K, 0 young (0K), 0 survivors (0K)

[error occurred during error reporting (printing heap information), id 0xc0000005, EXCEPTION_ACCESS_VIOLATION (0xc0000005) at pc=0x00007ffc68e18c59]

GC Heap History (0 events):
No events

Deoptimization events (0 events):
No events

Classes unloaded (0 events):
No events

Classes redefined (0 events):
No events

Internal exceptions (0 events):
No events

VM Operations (0 events):
No events

Events (1 events):
Event: 0.017 Loaded shared library C:\Program Files\Java\jdk-17\bin\java.dll


Dynamic libraries:
0x00007ff600740000 - 0x00007ff600750000 	C:\Program Files\Java\jdk-17\bin\java.exe
0x00007ffcd2d70000 - 0x00007ffcd2f84000 	C:\WINDOWS\SYSTEM32\ntdll.dll
0x00007ffcd0d60000 - 0x00007ffcd0e24000 	C:\WINDOWS\System32\KERNEL32.DLL
0x00007ffcd0390000 - 0x00007ffcd0734000 	C:\WINDOWS\System32\KERNELBASE.dll
0x00007ffcd0150000 - 0x00007ffcd0261000 	C:\WINDOWS\System32\ucrtbase.dll
0x00007ffca9040000 - 0x00007ffca9058000 	C:\Program Files\Java\jdk-17\bin\jli.dll
0x00007ffca8e60000 - 0x00007ffca8e7a000 	C:\Program Files\Java\jdk-17\bin\VCRUNTIME140.dll
0x00007ffcd1320000 - 0x00007ffcd13d0000 	C:\WINDOWS\System32\ADVAPI32.dll
0x00007ffcd2bf0000 - 0x00007ffcd2c97000 	C:\WINDOWS\System32\msvcrt.dll
0x00007ffcd1160000 - 0x00007ffcd1206000 	C:\WINDOWS\System32\sechost.dll
0x00007ffcd2160000 - 0x00007ffcd2277000 	C:\WINDOWS\System32\RPCRT4.dll
0x00007ffcd0e30000 - 0x00007ffcd0fde000 	C:\WINDOWS\System32\USER32.dll
0x00007ffcd0120000 - 0x00007ffcd0146000 	C:\WINDOWS\System32\win32u.dll
0x00007ffcd1e70000 - 0x00007ffcd1e99000 	C:\WINDOWS\System32\GDI32.dll
0x00007ffcd0270000 - 0x00007ffcd0388000 	C:\WINDOWS\System32\gdi32full.dll
0x00007ffcbe820000 - 0x00007ffcbeab3000 	C:\WINDOWS\WinSxS\amd64_microsoft.windows.common-controls_6595b64144ccf1df_6.0.22621.2215_none_270d72677387dfc3\COMCTL32.dll
0x00007ffcd09e0000 - 0x00007ffcd0a7a000 	C:\WINDOWS\System32\msvcp_win.dll
0x00007ffcc0a30000 - 0x00007ffcc0a3a000 	C:\WINDOWS\SYSTEM32\VERSION.dll
0x00007ffcd1e30000 - 0x00007ffcd1e61000 	C:\WINDOWS\System32\IMM32.DLL
0x00007ffcc60c0000 - 0x00007ffcc60cc000 	C:\Program Files\Java\jdk-17\bin\vcruntime140_1.dll
0x00007ffc9dba0000 - 0x00007ffc9dc2d000 	C:\Program Files\Java\jdk-17\bin\msvcp140.dll
0x00007ffc68750000 - 0x00007ffc6930e000 	C:\Program Files\Java\jdk-17\bin\server\jvm.dll
0x00007ffcd1770000 - 0x00007ffcd1778000 	C:\WINDOWS\System32\PSAPI.DLL
0x00007ffca65d0000 - 0x00007ffca65d9000 	C:\WINDOWS\SYSTEM32\WSOCK32.dll
0x00007ffcd2330000 - 0x00007ffcd23a1000 	C:\WINDOWS\System32\WS2_32.dll
0x00007ffccdb60000 - 0x00007ffccdb94000 	C:\WINDOWS\SYSTEM32\WINMM.dll
0x00007ffccf170000 - 0x00007ffccf188000 	C:\WINDOWS\SYSTEM32\kernel.appcore.dll
0x00007ffcaa690000 - 0x00007ffcaa69a000 	C:\Program Files\Java\jdk-17\bin\jimage.dll
0x00007ffccd8f0000 - 0x00007ffccdb1e000 	C:\WINDOWS\SYSTEM32\DBGHELP.DLL
0x00007ffcd13e0000 - 0x00007ffcd176a000 	C:\WINDOWS\System32\combase.dll
0x00007ffcd1210000 - 0x00007ffcd12e7000 	C:\WINDOWS\System32\OLEAUT32.dll
0x00007ffccd8b0000 - 0x00007ffccd8e2000 	C:\WINDOWS\SYSTEM32\dbgcore.DLL
0x00007ffcd0a80000 - 0x00007ffcd0afa000 	C:\WINDOWS\System32\bcryptPrimitives.dll
0x00007ffca9000000 - 0x00007ffca900e000 	C:\Program Files\Java\jdk-17\bin\instrument.dll
0x00007ffca8e30000 - 0x00007ffca8e55000 	C:\Program Files\Java\jdk-17\bin\java.dll

dbghelp: loaded successfully - version: 4.0.5 - missing functions: none
symbol engine: initialized successfully - sym options: 0x614 - pdb path: .;C:\Program Files\Java\jdk-17\bin;C:\WINDOWS\SYSTEM32;C:\WINDOWS\WinSxS\amd64_microsoft.windows.common-controls_6595b64144ccf1df_6.0.22621.2215_none_270d72677387dfc3;C:\Program Files\Java\jdk-17\bin\server

VM Arguments:
jvm_args: -XX:TieredStopAtLevel=1 -Dspring.output.ansi.enabled=always -Dcom.sun.management.jmxremote -Dspring.jmx.enabled=true -Dspring.liveBeansView.mbeanDomain -Dspring.application.admin.enabled=true -Dmanagement.endpoints.jmx.exposure.include=* -javaagent:C:\Program Files\JetBrains\IntelliJ IDEA 2023.1\lib\idea_rt.jar=50127:C:\Program Files\JetBrains\IntelliJ IDEA 2023.1\bin -Dfile.encoding=UTF-8 
java_command: br.edu.ifpb.dac.karoline.animaladoption.AnimalAdoptionApplication
java_class_path (initial): C:\Users\carlo\IdeaProjects\animal-adoption\AnimalAdoption\target\classes;C:\Users\carlo\.m2\repository\org\springframework\boot\spring-boot-starter-data-jpa\3.1.2\spring-boot-starter-data-jpa-3.1.2.jar;C:\Users\carlo\.m2\repository\org\springframework\boot\spring-boot-starter-aop\3.1.2\spring-boot-starter-aop-3.1.2.jar;C:\Users\carlo\.m2\repository\org\springframework\spring-aop\6.0.11\spring-aop-6.0.11.jar;C:\Users\carlo\.m2\repository\org\aspectj\aspectjweaver\1.9.19\aspectjweaver-1.9.19.jar;C:\Users\carlo\.m2\repository\org\springframework\boot\spring-boot-starter-jdbc\3.1.2\spring-boot-starter-jdbc-3.1.2.jar;C:\Users\carlo\.m2\repository\com\zaxxer\HikariCP\5.0.1\HikariCP-5.0.1.jar;C:\Users\carlo\.m2\repository\org\springframework\spring-jdbc\6.0.11\spring-jdbc-6.0.11.jar;C:\Users\carlo\.m2\repository\org\hibernate\orm\hibernate-core\6.2.6.Final\hibernate-core-6.2.6.Final.jar;C:\Users\carlo\.m2\repository\jakarta\persistence\jakarta.persistence-api\3.1.0\jakarta.persistence-api-3.1.0.jar;C:\Users\carlo\.m2\repository\jakarta\transaction\jakarta.transaction-api\2.0.1\jakarta.transaction-api-2.0.1.jar;C:\Users\carlo\.m2\repository\org\jboss\logging\jboss-logging\3.5.3.Final\jboss-logging-3.5.3.Final.jar;C:\Users\carlo\.m2\repository\org\hibernate\common\hibernate-commons-annotations\6.0.6.Final\hibernate-commons-annotations-6.0.6.Final.jar;C:\Users\carlo\.m2\repository\io\smallrye\jandex\3.0.5\jandex-3.0.5.jar;C:\Users\carlo\.m2\repository\com\fasterxml\classmate\1.5.1\classmate-1.5.1.jar;C:\Users\carlo\.m2\repository\net\bytebuddy\byte-buddy\1.14.5\byte-buddy-1.14.5.jar;C:\Users\carlo\.m2\repository\org\glassfish\jaxb\jaxb-runtime\4.0.3\jaxb-runtime-4.0.3.jar;C:\Users\carlo\.m2\repository\org\glassfish\jaxb\jaxb-core\4.0.3\jaxb-core-4.0.3.jar;C:\Users\carlo\.m2\repository\org\eclipse\angus\angus-activation\2.0.1\angus-activation-2.0.1.jar;C:\Users\carlo\.m2\repository\org\glassfish\jaxb\txw2\4.0.3\txw2-4.0.3.jar;C:\Users\carlo\.m2\re
Launcher Type: SUN_STANDARD

[Global flags]
     intx CICompilerCount                          = 3                                         {product} {ergonomic}
     uint ConcGCThreads                            = 1                                         {product} {ergonomic}
     uint G1ConcRefinementThreads                  = 4                                         {product} {ergonomic}
   size_t G1HeapRegionSize                         = 1048576                                   {product} {ergonomic}
    uintx GCDrainStackTargetSize                   = 64                                        {product} {ergonomic}
   size_t InitialHeapSize                          = 62914560                                  {product} {ergonomic}
     bool ManagementServer                         = true                                      {product} {command line}
   size_t MarkStackSize                            = 4194304                                   {product} {ergonomic}
   size_t MaxHeapSize                              = 1004535808                                {product} {ergonomic}
   size_t MinHeapDeltaBytes                        = 1048576                                   {product} {ergonomic}
   size_t MinHeapSize                              = 8388608                                   {product} {ergonomic}
    uintx NonProfiledCodeHeapSize                  = 0                                      {pd product} {ergonomic}
     bool ProfileInterpreter                       = false                                  {pd product} {command line}
    uintx ProfiledCodeHeapSize                     = 0                                      {pd product} {ergonomic}
   size_t SoftMaxHeapSize                          = 1004535808                             {manageable} {ergonomic}
     intx TieredStopAtLevel                        = 1                                         {product} {command line}
     bool UseCompressedClassPointers               = true                           {product lp64_product} {ergonomic}
     bool UseCompressedOops                        = true                           {product lp64_product} {ergonomic}
     bool UseG1GC                                  = true                                      {product} {ergonomic}
     bool UseLargePagesIndividualAllocation        = false                                  {pd product} {ergonomic}

Logging:
Log output configuration:
 #0: stdout all=warning uptime,level,tags
 #1: stderr all=off uptime,level,tags

Environment Variables:
PATH=C:\Program Files\Common Files\Oracle\Java\javapath;C:\WINDOWS\system32;C:\WINDOWS;C:\WINDOWS\System32\Wbem;C:\WINDOWS\System32\WindowsPowerShell\v1.0\;C:\WINDOWS\System32\OpenSSH\;C:\Program Files\dotnet\;C:\Program Files (x86)\Git\cmd;C:\Program Files\Notepad++;C:\Program Files\Git\cmd;C:\Program Files\MongoDB\Server\6.0\bin;C:\Program Files\MongoDB\Tools\100\bin;C:\Program Files\Java\jdk-17;C:\Program Files\Docker\Docker\resources\bin;";C:\Program Files\Erlang OTP\bin";C:\Program Files\nodejs\;C:\Users\carlo\AppData\Local\Programs\Python\Python311\Scripts\;C:\Users\carlo\AppData\Local\Programs\Python\Python311\;C:\Users\carlo\AppData\Local\Microsoft\WindowsApps;C:\Program Files\JetBrains\IntelliJ IDEA 2023.1\bin;C:\Users\carlo\AppData\Local\gitkraken\bin;C:\Users\carlo\AppData\Local\Programs\Python\Python311\python.exe;;C:\Users\carlo\AppData\Local\Programs\Microsoft VS Code\bin;C:\Users\carlo\AppData\Roaming\npm
USERNAME=carlo
OS=Windows_NT
PROCESSOR_IDENTIFIER=Intel64 Family 6 Model 140 Stepping 1, GenuineIntel



---------------  S Y S T E M  ---------------

OS:
 Windows 10 , 64 bit Build 22621 (10.0.22621.2215)
OS uptime: 0 days 0:19 hours
Hyper-V role detected

CPU: total 4 (initial active 4) (2 cores per cpu, 2 threads per core) family 6 model 140 stepping 1 microcode 0xac, cx8, cmov, fxsr, ht, mmx, 3dnowpref, sse, sse2, sse3, ssse3, sse4.1, sse4.2, popcnt, lzcnt, tsc, tscinvbit, avx, avx2, aes, erms, clmul, bmi1, bmi2, adx, avx512f, avx512dq, avx512cd, avx512bw, avx512vl, sha, fma, vzeroupper, avx512_vpopcntdq, avx512_vpclmulqdq, avx512_vaes, avx512_vnni, clflush, clflushopt, clwb, avx512_vbmi2, avx512_vbmi, hv

Memory: 4k page, system-wide physical 3830M (351M free)
TotalPageFile size 10991M (AvailPageFile size 40M)
current process WorkingSet (physical memory assigned to process): 11M, peak: 11M
current process commit charge ("private bytes"): 46M, peak: 106M

vm_info: Java HotSpot(TM) 64-Bit Server VM (17+35-LTS-2724) for windows-amd64 JRE (17+35-LTS-2724), built on Aug  5 2021 23:28:28 by "mach5one" with MS VC++ 16.8 (VS2019)

END.
