#
# There is insufficient memory for the Java Runtime Environment to continue.
# Native memory allocation (mmap) failed to map 134217728 bytes for G1 virtual space
# Possible reasons:
#   The system is out of physical RAM or swap space
#   The process is running with CompressedOops enabled, and the Java Heap may be blocking the growth of the native heap
# Possible solutions:
#   Reduce memory load on the system
#   Increase physical memory or swap space
#   Check if swap backing store is full
#   Decrease Java heap size (-Xmx/-Xms)
#   Decrease number of Java threads
#   Decrease Java thread stack sizes (-Xss)
#   Set larger code cache with -XX:ReservedCodeCacheSize=
#   JVM is running with Unscaled Compressed Oops mode in which the Java heap is
#     placed in the first 4GB address space. The Java Heap base address is the
#     maximum limit for the native heap growth. Please use -XX:HeapBaseMinAddress
#     to set the Java Heap base and to place the Java Heap above 4GB virtual address.
# This output file may be truncated or incomplete.
#
#  Out of Memory Error (os_windows.cpp:3769), pid=5036, tid=13284
#
# JRE version:  (17.0.6+10) (build )
# Java VM: OpenJDK 64-Bit Server VM (17.0.6+10-b829.5, mixed mode, sharing, tiered, compressed oops, compressed class ptrs, g1 gc, windows-amd64)
# No core dump will be written. Minidumps are not enabled by default on client versions of Windows
#

---------------  S U M M A R Y ------------

Command Line: -Djava.rmi.server.hostname=127.0.0.1 -Duser.timezone=UTC -Xmx750m -Xms128m --add-exports=java.desktop/sun.awt=ALL-UNNAMED --add-exports=java.desktop/java.awt.peer=ALL-UNNAMED --add-opens=java.desktop/java.awt=ALL-UNNAMED --add-opens=jdk.unsupported/sun.misc=ALL-UNNAMED --add-opens=java.base/java.nio=ALL-UNNAMED --add-opens=java.base/java.util=ALL-UNNAMED -Dfile.encoding=UTF-8 com.intellij.database.remote.RemoteJdbcServer org.postgresql.Driver

Host: Intel(R) Pentium(R) Gold 7505 @ 2.00GHz, 4 cores, 3G,  Windows 11 , 64 bit Build 22621 (10.0.22621.2215)
Time: Wed Sep  6 13:57:51 2023 Hora Padrão de Buenos Aires elapsed time: 0.029881 seconds (0d 0h 0m 0s)

---------------  T H R E A D  ---------------

Current thread (0x0000022b7a41b820):  JavaThread "Unknown thread" [_thread_in_vm, id=13284, stack(0x000000b12bd00000,0x000000b12be00000)]

Stack: [0x000000b12bd00000,0x000000b12be00000]
Native frames: (J=compiled Java code, j=interpreted, Vv=VM code, C=native code)
V  [jvm.dll+0x683b4a]
V  [jvm.dll+0x842654]
V  [jvm.dll+0x843dfe]
V  [jvm.dll+0x844463]
V  [jvm.dll+0x249b75]
V  [jvm.dll+0x680a19]
V  [jvm.dll+0x674f0a]
V  [jvm.dll+0x309acb]
V  [jvm.dll+0x310f86]
V  [jvm.dll+0x3608ee]
V  [jvm.dll+0x360b1f]
V  [jvm.dll+0x2dfbf8]
V  [jvm.dll+0x2e0b64]
V  [jvm.dll+0x813f41]
V  [jvm.dll+0x36e6a1]
V  [jvm.dll+0x7f347c]
V  [jvm.dll+0x3f0e8f]
V  [jvm.dll+0x3f29d1]
C  [jli.dll+0x526b]
C  [ucrtbase.dll+0x29363]
C  [KERNEL32.DLL+0x1257d]
C  [ntdll.dll+0x5aa68]


---------------  P R O C E S S  ---------------

Threads class SMR info:
_java_thread_list=0x00007ffb5590c058, length=0, elements={
}

Java Threads: ( => current thread )

Other Threads:
  0x0000022b7a44fa50 GCTaskThread "GC Thread#0" [stack: 0x000000b12be00000,0x000000b12bf00000] [id=11300]
  0x0000022b7a456750 ConcurrentGCThread "G1 Main Marker" [stack: 0x000000b12bf00000,0x000000b12c000000] [id=8884]
  0x0000022b7a457160 ConcurrentGCThread "G1 Conc#0" [stack: 0x000000b12c000000,0x000000b12c100000] [id=10564]

[error occurred during error reporting (printing all threads), id 0xc0000005, EXCEPTION_ACCESS_VIOLATION (0xc0000005) at pc=0x00007ffb550c0797]

VM state: not at safepoint (not fully initialized)

VM Mutex/Monitor currently owned by a thread:  ([mutex/lock_event])
[0x0000022b7a4169a0] Heap_lock - owner thread: 0x0000022b7a41b820

Heap address: 0x00000000d1200000, size: 750 MB, Compressed Oops mode: 32-bit

CDS archive(s) mapped at: [0x0000000000000000-0x0000000000000000-0x0000000000000000), size 0, SharedBaseAddress: 0x0000000800000000, ArchiveRelocationMode: 0.
Narrow klass base: 0x0000000000000000, Narrow klass shift: 0, Narrow klass range: 0x0

GC Precious Log:
<Empty>

Heap:
 garbage-first heap   total 0K, used 0K [0x00000000d1200000, 0x0000000100000000)
  region size 1024K, 0 young (0K), 0 survivors (0K)

[error occurred during error reporting (printing heap information), id 0xc0000005, EXCEPTION_ACCESS_VIOLATION (0xc0000005) at pc=0x00007ffb554ad939]

GC Heap History (0 events):
No events

Dll operation events (1 events):
Event: 0.019 Loaded shared library C:\Program Files\JetBrains\IntelliJ IDEA 2023.1\jbr\bin\java.dll

Deoptimization events (0 events):
No events

Classes unloaded (0 events):
No events

Classes redefined (0 events):
No events

Internal exceptions (0 events):
No events

VM Operations (0 events):
No events

Events (0 events):
No events


Dynamic libraries:
0x00007ff6a5370000 - 0x00007ff6a537a000 	C:\Program Files\JetBrains\IntelliJ IDEA 2023.1\jbr\bin\java.exe
0x00007ffb749f0000 - 0x00007ffb74c04000 	C:\WINDOWS\SYSTEM32\ntdll.dll
0x00007ffb73280000 - 0x00007ffb73344000 	C:\WINDOWS\System32\KERNEL32.DLL
0x00007ffb71f60000 - 0x00007ffb72304000 	C:\WINDOWS\System32\KERNELBASE.dll
0x00007ffb72660000 - 0x00007ffb72771000 	C:\WINDOWS\System32\ucrtbase.dll
0x00007ffb67390000 - 0x00007ffb673ab000 	C:\Program Files\JetBrains\IntelliJ IDEA 2023.1\jbr\bin\VCRUNTIME140.dll
0x00007ffb5a690000 - 0x00007ffb5a6a7000 	C:\Program Files\JetBrains\IntelliJ IDEA 2023.1\jbr\bin\jli.dll
0x00007ffb74750000 - 0x00007ffb748fe000 	C:\WINDOWS\System32\USER32.dll
0x00007ffb71e40000 - 0x00007ffb71e66000 	C:\WINDOWS\System32\win32u.dll
0x00007ffb5f320000 - 0x00007ffb5f5b3000 	C:\WINDOWS\WinSxS\amd64_microsoft.windows.common-controls_6595b64144ccf1df_6.0.22621.2215_none_270d72677387dfc3\COMCTL32.dll
0x00007ffb73510000 - 0x00007ffb73539000 	C:\WINDOWS\System32\GDI32.dll
0x00007ffb723d0000 - 0x00007ffb724e8000 	C:\WINDOWS\System32\gdi32full.dll
0x00007ffb73ad0000 - 0x00007ffb73b77000 	C:\WINDOWS\System32\msvcrt.dll
0x00007ffb71da0000 - 0x00007ffb71e3a000 	C:\WINDOWS\System32\msvcp_win.dll
0x00007ffb73730000 - 0x00007ffb73761000 	C:\WINDOWS\System32\IMM32.DLL
0x00007ffb57600000 - 0x00007ffb5760c000 	C:\Program Files\JetBrains\IntelliJ IDEA 2023.1\jbr\bin\vcruntime140_1.dll
0x00007ffb57390000 - 0x00007ffb5741d000 	C:\Program Files\JetBrains\IntelliJ IDEA 2023.1\jbr\bin\msvcp140.dll
0x00007ffb54dd0000 - 0x00007ffb55a3d000 	C:\Program Files\JetBrains\IntelliJ IDEA 2023.1\jbr\bin\server\jvm.dll
0x00007ffb74900000 - 0x00007ffb749b0000 	C:\WINDOWS\System32\ADVAPI32.dll
0x00007ffb73b80000 - 0x00007ffb73c26000 	C:\WINDOWS\System32\sechost.dll
0x00007ffb733c0000 - 0x00007ffb734d7000 	C:\WINDOWS\System32\RPCRT4.dll
0x00007ffb41fe0000 - 0x00007ffb41fe9000 	C:\WINDOWS\SYSTEM32\WSOCK32.dll
0x00007ffb6f960000 - 0x00007ffb6f994000 	C:\WINDOWS\SYSTEM32\WINMM.dll
0x00007ffb66150000 - 0x00007ffb6615a000 	C:\WINDOWS\SYSTEM32\VERSION.dll
0x00007ffb730b0000 - 0x00007ffb73121000 	C:\WINDOWS\System32\WS2_32.dll
0x00007ffb70dc0000 - 0x00007ffb70dd8000 	C:\WINDOWS\SYSTEM32\kernel.appcore.dll
0x00007ffb6a9e0000 - 0x00007ffb6a9ea000 	C:\Program Files\JetBrains\IntelliJ IDEA 2023.1\jbr\bin\jimage.dll
0x00007ffb6f6f0000 - 0x00007ffb6f91e000 	C:\WINDOWS\SYSTEM32\DBGHELP.DLL
0x00007ffb73cb0000 - 0x00007ffb7403a000 	C:\WINDOWS\System32\combase.dll
0x00007ffb739e0000 - 0x00007ffb73ab7000 	C:\WINDOWS\System32\OLEAUT32.dll
0x00007ffb6f6b0000 - 0x00007ffb6f6e2000 	C:\WINDOWS\SYSTEM32\dbgcore.DLL
0x00007ffb71e70000 - 0x00007ffb71eea000 	C:\WINDOWS\System32\bcryptPrimitives.dll
0x00007ffb5e790000 - 0x00007ffb5e7b5000 	C:\Program Files\JetBrains\IntelliJ IDEA 2023.1\jbr\bin\java.dll

dbghelp: loaded successfully - version: 4.0.5 - missing functions: none
symbol engine: initialized successfully - sym options: 0x614 - pdb path: .;C:\Program Files\JetBrains\IntelliJ IDEA 2023.1\jbr\bin;C:\WINDOWS\SYSTEM32;C:\WINDOWS\WinSxS\amd64_microsoft.windows.common-controls_6595b64144ccf1df_6.0.22621.2215_none_270d72677387dfc3;C:\Program Files\JetBrains\IntelliJ IDEA 2023.1\jbr\bin\server

VM Arguments:
jvm_args: -Djava.rmi.server.hostname=127.0.0.1 -Duser.timezone=UTC -Xmx750m -Xms128m --add-exports=java.desktop/sun.awt=ALL-UNNAMED --add-exports=java.desktop/java.awt.peer=ALL-UNNAMED --add-opens=java.desktop/java.awt=ALL-UNNAMED --add-opens=jdk.unsupported/sun.misc=ALL-UNNAMED --add-opens=java.base/java.nio=ALL-UNNAMED --add-opens=java.base/java.util=ALL-UNNAMED -Dfile.encoding=UTF-8 
java_command: com.intellij.database.remote.RemoteJdbcServer org.postgresql.Driver
java_class_path (initial): C:\Program Files\JetBrains\IntelliJ IDEA 2023.1\lib\util_rt.jar;C:\Program Files\JetBrains\IntelliJ IDEA 2023.1\lib\util-8.jar;C:\Program Files\JetBrains\IntelliJ IDEA 2023.1\lib\groovy.jar;C:\Program Files\JetBrains\IntelliJ IDEA 2023.1\plugins\DatabaseTools\lib\jdbc-console.jar;C:\Program Files\JetBrains\IntelliJ IDEA 2023.1\plugins\grid-core-impl\lib\jdbc-console-types.jar;C:\Program Files\JetBrains\IntelliJ IDEA 2023.1\lib\util.jar;C:\Users\carlo\AppData\Roaming\JetBrains\IntelliJIdea2023.1\jdbc-drivers\PostgreSQL\42.6.0\org\postgresql\postgresql\42.6.0\postgresql-42.6.0.jar;C:\Users\carlo\AppData\Roaming\JetBrains\IntelliJIdea2023.1\jdbc-drivers\PostgreSQL\42.6.0\org\checkerframework\checker-qual\3.31.0\checker-qual-3.31.0.jar;C:\Users\carlo\AppData\Roaming\JetBrains\IntelliJIdea2023.1\jdbc-drivers\PostgreSQL\42.6.0\com\github\waffle\waffle-jna\1.9.1\waffle-jna-1.9.1.jar;C:\Users\carlo\AppData\Roaming\JetBrains\IntelliJIdea2023.1\jdbc-drivers\PostgreSQL\42.6.0\net\java\dev\jna\jna\4.5.1\jna-4.5.1.jar;C:\Users\carlo\AppData\Roaming\JetBrains\IntelliJIdea2023.1\jdbc-drivers\PostgreSQL\42.6.0\net\java\dev\jna\jna-platform\4.5.1\jna-platform-4.5.1.jar;C:\Users\carlo\AppData\Roaming\JetBrains\IntelliJIdea2023.1\jdbc-drivers\PostgreSQL\42.6.0\org\slf4j\jcl-over-slf4j\1.7.25\jcl-over-slf4j-1.7.25.jar;C:\Users\carlo\AppData\Roaming\JetBrains\IntelliJIdea2023.1\jdbc-drivers\PostgreSQL\42.6.0\org\slf4j\slf4j-api\1.7.25\slf4j-api-1.7.25.jar;C:\Users\carlo\AppData\Roaming\JetBrains\IntelliJIdea2023.1\jdbc-drivers\PostgreSQL\42.6.0\com\github\ben-manes\caffeine\caffeine\2.6.2\caffeine-2.6.2.jar
Launcher Type: SUN_STANDARD

[Global flags]
     intx CICompilerCount                          = 3                                         {product} {ergonomic}
     uint ConcGCThreads                            = 1                                         {product} {ergonomic}
     uint G1ConcRefinementThreads                  = 4                                         {product} {ergonomic}
   size_t G1HeapRegionSize                         = 1048576                                   {product} {ergonomic}
    uintx GCDrainStackTargetSize                   = 64                                        {product} {ergonomic}
   size_t InitialHeapSize                          = 134217728                                 {product} {command line}
   size_t MarkStackSize                            = 4194304                                   {product} {ergonomic}
   size_t MaxHeapSize                              = 786432000                                 {product} {command line}
   size_t MinHeapDeltaBytes                        = 1048576                                   {product} {ergonomic}
   size_t MinHeapSize                              = 134217728                                 {product} {command line}
    uintx NonNMethodCodeHeapSize                   = 5832780                                {pd product} {ergonomic}
    uintx NonProfiledCodeHeapSize                  = 122912730                              {pd product} {ergonomic}
    uintx ProfiledCodeHeapSize                     = 122912730                              {pd product} {ergonomic}
    uintx ReservedCodeCacheSize                    = 251658240                              {pd product} {ergonomic}
     bool SegmentedCodeCache                       = true                                      {product} {ergonomic}
   size_t SoftMaxHeapSize                          = 786432000                              {manageable} {ergonomic}
     bool UseCompressedClassPointers               = true                           {product lp64_product} {ergonomic}
     bool UseCompressedOops                        = true                           {product lp64_product} {ergonomic}
     bool UseG1GC                                  = true                                      {product} {ergonomic}
     bool UseLargePagesIndividualAllocation        = false                                  {pd product} {ergonomic}

Logging:
Log output configuration:
 #0: stdout all=warning uptime,level,tags
 #1: stderr all=off uptime,level,tags

Environment Variables:
PATH=C:\Program Files\Common Files\Oracle\Java\javapath;C:\WINDOWS\system32;C:\WINDOWS;C:\WINDOWS\System32\Wbem;C:\WINDOWS\System32\WindowsPowerShell\v1.0\;C:\WINDOWS\System32\OpenSSH\;C:\Program Files\dotnet\;C:\Program Files (x86)\Git\cmd;C:\Program Files\Notepad++;C:\Program Files\Git\cmd;C:\Program Files\MongoDB\Server\6.0\bin;C:\Program Files\MongoDB\Tools\100\bin;C:\Program Files\Java\jdk-17;C:\Program Files\Docker\Docker\resources\bin;";C:\Program Files\Erlang OTP\bin";C:\Program Files\nodejs\;C:\Users\carlo\AppData\Local\Programs\Python\Python311\Scripts\;C:\Users\carlo\AppData\Local\Programs\Python\Python311\;C:\Users\carlo\AppData\Local\Microsoft\WindowsApps;C:\Program Files\JetBrains\IntelliJ IDEA 2023.1\bin;C:\Users\carlo\AppData\Local\gitkraken\bin;C:\Users\carlo\AppData\Local\Programs\Python\Python311\python.exe;;C:\Users\carlo\AppData\Local\Programs\Microsoft VS Code\bin;C:\Users\carlo\AppData\Roaming\npm
USERNAME=carlo
OS=Windows_NT
PROCESSOR_IDENTIFIER=Intel64 Family 6 Model 140 Stepping 1, GenuineIntel
TMP=C:\Users\carlo\AppData\Local\Temp
TEMP=C:\Users\carlo\AppData\Local\Temp



---------------  S Y S T E M  ---------------

OS:
 Windows 11 , 64 bit Build 22621 (10.0.22621.2215)
OS uptime: 0 days 0:49 hours
Hyper-V role detected

CPU: total 4 (initial active 4) (2 cores per cpu, 2 threads per core) family 6 model 140 stepping 1 microcode 0xac, cx8, cmov, fxsr, ht, mmx, 3dnowpref, sse, sse2, sse3, ssse3, sse4.1, sse4.2, popcnt, lzcnt, tsc, tscinvbit, avx, avx2, aes, erms, clmul, bmi1, bmi2, adx, avx512f, avx512dq, avx512cd, avx512bw, avx512vl, sha, fma, vzeroupper, avx512_vpopcntdq, avx512_vpclmulqdq, avx512_vaes, avx512_vnni, clflush, clflushopt, clwb, avx512_vbmi2, avx512_vbmi, hv

Memory: 4k page, system-wide physical 3830M (452M free)
TotalPageFile size 10796M (AvailPageFile size 83M)
current process WorkingSet (physical memory assigned to process): 10M, peak: 10M
current process commit charge ("private bytes"): 51M, peak: 179M

vm_info: OpenJDK 64-Bit Server VM (17.0.6+10-b829.5) for windows-amd64 JRE (17.0.6+10-b829.5), built on 2023-02-24 by "builduser" with MS VC++ 16.10 / 16.11 (VS2019)

END.
