#
# There is insufficient memory for the Java Runtime Environment to continue.
# Native memory allocation (mmap) failed to map 65536 bytes for Failed to commit metaspace.
# Possible reasons:
#   The system is out of physical RAM or swap space
#   The process is running with CompressedOops enabled, and the Java Heap may be blocking the growth of the native heap
# Possible solutions:
#   Reduce memory load on the system
#   Increase physical memory or swap space
#   Check if swap backing store is full
#   Decrease Java heap size (-Xmx/-Xms)
#   Decrease number of Java threads
#   Decrease Java thread stack sizes (-Xss)
#   Set larger code cache with -XX:ReservedCodeCacheSize=
#   JVM is running with Unscaled Compressed Oops mode in which the Java heap is
#     placed in the first 4GB address space. The Java Heap base address is the
#     maximum limit for the native heap growth. Please use -XX:HeapBaseMinAddress
#     to set the Java Heap base and to place the Java Heap above 4GB virtual address.
# This output file may be truncated or incomplete.
#
#  Out of Memory Error (virtualSpaceNode.cpp:110), pid=6740, tid=11424
#
# JRE version: Java(TM) SE Runtime Environment (17.0+35) (build 17+35-LTS-2724)
# Java VM: Java HotSpot(TM) 64-Bit Server VM (17+35-LTS-2724, mixed mode, emulated-client, tiered, compressed oops, compressed class ptrs, g1 gc, windows-amd64)
# No core dump will be written. Minidumps are not enabled by default on client versions of Windows
#

---------------  S U M M A R Y ------------

Command Line: -XX:TieredStopAtLevel=1 -Dspring.output.ansi.enabled=always -Dcom.sun.management.jmxremote -Dspring.jmx.enabled=true -Dspring.liveBeansView.mbeanDomain -Dspring.application.admin.enabled=true -Dmanagement.endpoints.jmx.exposure.include=* -javaagent:C:\Program Files\JetBrains\IntelliJ IDEA 2023.1\lib\idea_rt.jar=49848:C:\Program Files\JetBrains\IntelliJ IDEA 2023.1\bin -Dfile.encoding=UTF-8 br.edu.ifpb.dac.karoline.animaladoption.AnimalAdoptionApplication

Host: Intel(R) Pentium(R) Gold 7505 @ 2.00GHz, 4 cores, 3G,  Windows 10 , 64 bit Build 22621 (10.0.22621.2070)
Time: Thu Aug 17 21:41:33 2023 Hora Padrão de Buenos Aires elapsed time: 0.235356 seconds (0d 0h 0m 0s)

---------------  T H R E A D  ---------------

Current thread (0x000002c14a9091a0):  JavaThread "main" [_thread_in_vm, id=11424, stack(0x000000df5b700000,0x000000df5b800000)]

Stack: [0x000000df5b700000,0x000000df5b800000]
Native frames: (J=compiled Java code, j=interpreted, Vv=VM code, C=native code)
V  [jvm.dll+0x66f8ea]
V  [jvm.dll+0x7ce224]
V  [jvm.dll+0x7cf9ce]
V  [jvm.dll+0x7d0033]
V  [jvm.dll+0x242bb5]
V  [jvm.dll+0x7ca1cb]
V  [jvm.dll+0x615a46]
V  [jvm.dll+0x615aaa]
V  [jvm.dll+0x6182ba]
V  [jvm.dll+0x6163e6]
V  [jvm.dll+0x24067c]
V  [jvm.dll+0x6c5dad]
V  [jvm.dll+0x6c67df]
V  [jvm.dll+0x36c0f3]
V  [jvm.dll+0x36b2b2]
V  [jvm.dll+0x36b258]
V  [jvm.dll+0x37af3a]
C  0x000002c152119a84

Java frames: (J=compiled Java code, j=interpreted, Vv=VM code)
j  java.util.zip.ZipFile$Source.<init>(Ljava/util/zip/ZipFile$Source$Key;ZLjava/util/zip/ZipCoder;)V+89 java.base@17
j  java.util.zip.ZipFile$Source.get(Ljava/io/File;ZLjava/util/zip/ZipCoder;)Ljava/util/zip/ZipFile$Source;+100 java.base@17
j  java.util.zip.ZipFile$CleanableResource.<init>(Ljava/util/zip/ZipFile;Ljava/util/zip/ZipCoder;Ljava/io/File;I)V+56 java.base@17
j  java.util.zip.ZipFile.<init>(Ljava/io/File;ILjava/nio/charset/Charset;)V+123 java.base@17
j  java.util.zip.ZipFile.<init>(Ljava/io/File;I)V+6 java.base@17
j  java.util.jar.JarFile.<init>(Ljava/io/File;ZILjava/lang/Runtime$Version;)V+3 java.base@17
j  jdk.internal.loader.URLClassPath$JarLoader.getJarFile(Ljava/net/URL;)Ljava/util/jar/JarFile;+56 java.base@17
j  jdk.internal.loader.URLClassPath$JarLoader$1.run()Ljava/lang/Void;+55 java.base@17
j  jdk.internal.loader.URLClassPath$JarLoader$1.run()Ljava/lang/Object;+1 java.base@17
j  java.security.AccessController.executePrivileged(Ljava/security/PrivilegedExceptionAction;Ljava/security/AccessControlContext;Ljava/lang/Class;)Ljava/lang/Object;+29 java.base@17
j  java.security.AccessController.doPrivileged(Ljava/security/PrivilegedExceptionAction;Ljava/security/AccessControlContext;)Ljava/lang/Object;+13 java.base@17
j  jdk.internal.loader.URLClassPath$JarLoader.ensureOpen()V+19 java.base@17
j  jdk.internal.loader.URLClassPath$JarLoader.<init>(Ljava/net/URL;Ljava/net/URLStreamHandler;Ljava/util/HashMap;Ljava/security/AccessControlContext;)V+63 java.base@17
j  jdk.internal.loader.URLClassPath$3.run()Ljdk/internal/loader/URLClassPath$Loader;+168 java.base@17
j  jdk.internal.loader.URLClassPath$3.run()Ljava/lang/Object;+1 java.base@17
j  java.security.AccessController.executePrivileged(Ljava/security/PrivilegedExceptionAction;Ljava/security/AccessControlContext;Ljava/lang/Class;)Ljava/lang/Object;+29 java.base@17
j  java.security.AccessController.doPrivileged(Ljava/security/PrivilegedExceptionAction;Ljava/security/AccessControlContext;)Ljava/lang/Object;+13 java.base@17
j  jdk.internal.loader.URLClassPath.getLoader(Ljava/net/URL;)Ljdk/internal/loader/URLClassPath$Loader;+13 java.base@17
j  jdk.internal.loader.URLClassPath.getLoader(I)Ljdk/internal/loader/URLClassPath$Loader;+81 java.base@17
j  jdk.internal.loader.URLClassPath.getResource(Ljava/lang/String;Z)Ljdk/internal/loader/Resource;+42 java.base@17
j  jdk.internal.loader.BuiltinClassLoader.findClassOnClassPathOrNull(Ljava/lang/String;)Ljava/lang/Class;+26 java.base@17
j  jdk.internal.loader.BuiltinClassLoader.loadClassOrNull(Ljava/lang/String;Z)Ljava/lang/Class;+111 java.base@17
j  jdk.internal.loader.BuiltinClassLoader.loadClass(Ljava/lang/String;Z)Ljava/lang/Class;+3 java.base@17
j  jdk.internal.loader.ClassLoaders$AppClassLoader.loadClass(Ljava/lang/String;Z)Ljava/lang/Class;+36 java.base@17
j  java.lang.ClassLoader.loadClass(Ljava/lang/String;)Ljava/lang/Class;+3 java.base@17
j  sun.instrument.InstrumentationImpl.loadClassAndStartAgent(Ljava/lang/String;Ljava/lang/String;Ljava/lang/String;)V+8 java.instrument@17
j  sun.instrument.InstrumentationImpl.loadClassAndCallPremain(Ljava/lang/String;Ljava/lang/String;)V+6 java.instrument@17
v  ~StubRoutines::call_stub

---------------  P R O C E S S  ---------------

Threads class SMR info:
_java_thread_list=0x000002c100c70520, length=11, elements={
0x000002c14a9091a0, 0x000002c100194260, 0x000002c100149580, 0x000002c100167de0,
0x000002c1001688a0, 0x000002c100169450, 0x000002c100169e00, 0x000002c1001b0400,
0x000002c1001b24b0, 0x000002c1001fe500, 0x000002c14a99f710
}

Java Threads: ( => current thread )
=>0x000002c14a9091a0 JavaThread "main" [_thread_in_vm, id=11424, stack(0x000000df5b700000,0x000000df5b800000)]
  0x000002c100194260 JavaThread "Reference Handler" daemon [_thread_blocked, id=7748, stack(0x000000df5bf00000,0x000000df5c000000)]
  0x000002c100149580 JavaThread "Finalizer" daemon [_thread_blocked, id=3356, stack(0x000000df5c000000,0x000000df5c100000)]
  0x000002c100167de0 JavaThread "Signal Dispatcher" daemon [_thread_blocked, id=3856, stack(0x000000df5c100000,0x000000df5c200000)]
  0x000002c1001688a0 JavaThread "Attach Listener" daemon [_thread_blocked, id=13040, stack(0x000000df5c200000,0x000000df5c300000)]
  0x000002c100169450 JavaThread "Service Thread" daemon [_thread_blocked, id=13052, stack(0x000000df5c300000,0x000000df5c400000)]
  0x000002c100169e00 JavaThread "Monitor Deflation Thread" daemon [_thread_blocked, id=11132, stack(0x000000df5c400000,0x000000df5c500000)]
  0x000002c1001b0400 JavaThread "C1 CompilerThread0" daemon [_thread_blocked, id=7352, stack(0x000000df5c500000,0x000000df5c600000)]
  0x000002c1001b24b0 JavaThread "Sweeper thread" daemon [_thread_blocked, id=9104, stack(0x000000df5c600000,0x000000df5c700000)]
  0x000002c1001fe500 JavaThread "Common-Cleaner" daemon [_thread_blocked, id=10536, stack(0x000000df5c700000,0x000000df5c800000)]
  0x000002c14a99f710 JavaThread "C1 CompilerThread1" daemon [_thread_blocked, id=8616, stack(0x000000df5c800000,0x000000df5c900000)]

Other Threads:
  0x000002c100180100 VMThread "VM Thread" [stack: 0x000000df5be00000,0x000000df5bf00000] [id=4756]
  0x000002c14a935210 GCTaskThread "GC Thread#0" [stack: 0x000000df5b900000,0x000000df5ba00000] [id=5440]
  0x000002c14a93e920 ConcurrentGCThread "G1 Main Marker" [stack: 0x000000df5ba00000,0x000000df5bb00000] [id=7672]
  0x000002c14a93f490 ConcurrentGCThread "G1 Conc#0" [stack: 0x000000df5bb00000,0x000000df5bc00000] [id=3996]
  0x000002c14a97a260 ConcurrentGCThread "G1 Refine#0" [stack: 0x000000df5bc00000,0x000000df5bd00000] [id=6728]
  0x000002c14a97ac80 ConcurrentGCThread "G1 Service" [stack: 0x000000df5bd00000,0x000000df5be00000] [id=2564]

Threads with active compile tasks:

VM state: not at safepoint (normal execution)

VM Mutex/Monitor currently owned by a thread:  ([mutex/lock_event])
[0x000002c14a8fb830] Metaspace_lock - owner thread: 0x000002c14a9091a0

Heap address: 0x00000000c4200000, size: 958 MB, Compressed Oops mode: 32-bit

CDS archive(s) not mapped
Compressed class space mapped at: 0x0000000100000000-0x0000000140000000, reserved size: 1073741824
Narrow klass base: 0x0000000000000000, Narrow klass shift: 3, Narrow klass range: 0x140000000

GC Precious Log:
 CPUs: 4 total, 4 available
 Memory: 3830M
 Large Page Support: Disabled
 NUMA Support: Disabled
 Compressed Oops: Enabled (32-bit)
 Heap Region Size: 1M
 Heap Min Capacity: 8M
 Heap Initial Capacity: 60M
 Heap Max Capacity: 958M
 Pre-touch: Disabled
 Parallel Workers: 4
 Concurrent Workers: 1
 Concurrent Refinement Workers: 4
 Periodic GC: Disabled

Heap:
 garbage-first heap   total 61440K, used 1024K [0x00000000c4200000, 0x0000000100000000)
  region size 1024K, 2 young (2048K), 0 survivors (0K)
 Metaspace       used 5523K, committed 5632K, reserved 1056768K
  class space    used 467K, committed 512K, reserved 1048576K

Heap Regions: E=young(eden), S=young(survivor), O=old, HS=humongous(starts), HC=humongous(continues), CS=collection set, F=free, OA=open archive, CA=closed archive, TAMS=top-at-mark-start (previous, next)
|   0|0x00000000c4200000, 0x00000000c4200000, 0x00000000c4300000|  0%| F|  |TAMS 0x00000000c4200000, 0x00000000c4200000| Untracked 
|   1|0x00000000c4300000, 0x00000000c4300000, 0x00000000c4400000|  0%| F|  |TAMS 0x00000000c4300000, 0x00000000c4300000| Untracked 
|   2|0x00000000c4400000, 0x00000000c4400000, 0x00000000c4500000|  0%| F|  |TAMS 0x00000000c4400000, 0x00000000c4400000| Untracked 
|   3|0x00000000c4500000, 0x00000000c4500000, 0x00000000c4600000|  0%| F|  |TAMS 0x00000000c4500000, 0x00000000c4500000| Untracked 
|   4|0x00000000c4600000, 0x00000000c4600000, 0x00000000c4700000|  0%| F|  |TAMS 0x00000000c4600000, 0x00000000c4600000| Untracked 
|   5|0x00000000c4700000, 0x00000000c4700000, 0x00000000c4800000|  0%| F|  |TAMS 0x00000000c4700000, 0x00000000c4700000| Untracked 
|   6|0x00000000c4800000, 0x00000000c4800000, 0x00000000c4900000|  0%| F|  |TAMS 0x00000000c4800000, 0x00000000c4800000| Untracked 
|   7|0x00000000c4900000, 0x00000000c4900000, 0x00000000c4a00000|  0%| F|  |TAMS 0x00000000c4900000, 0x00000000c4900000| Untracked 
|   8|0x00000000c4a00000, 0x00000000c4a00000, 0x00000000c4b00000|  0%| F|  |TAMS 0x00000000c4a00000, 0x00000000c4a00000| Untracked 
|   9|0x00000000c4b00000, 0x00000000c4b00000, 0x00000000c4c00000|  0%| F|  |TAMS 0x00000000c4b00000, 0x00000000c4b00000| Untracked 
|  10|0x00000000c4c00000, 0x00000000c4c00000, 0x00000000c4d00000|  0%| F|  |TAMS 0x00000000c4c00000, 0x00000000c4c00000| Untracked 
|  11|0x00000000c4d00000, 0x00000000c4d00000, 0x00000000c4e00000|  0%| F|  |TAMS 0x00000000c4d00000, 0x00000000c4d00000| Untracked 
|  12|0x00000000c4e00000, 0x00000000c4e00000, 0x00000000c4f00000|  0%| F|  |TAMS 0x00000000c4e00000, 0x00000000c4e00000| Untracked 
|  13|0x00000000c4f00000, 0x00000000c4f00000, 0x00000000c5000000|  0%| F|  |TAMS 0x00000000c4f00000, 0x00000000c4f00000| Untracked 
|  14|0x00000000c5000000, 0x00000000c5000000, 0x00000000c5100000|  0%| F|  |TAMS 0x00000000c5000000, 0x00000000c5000000| Untracked 
|  15|0x00000000c5100000, 0x00000000c5100000, 0x00000000c5200000|  0%| F|  |TAMS 0x00000000c5100000, 0x00000000c5100000| Untracked 
|  16|0x00000000c5200000, 0x00000000c5200000, 0x00000000c5300000|  0%| F|  |TAMS 0x00000000c5200000, 0x00000000c5200000| Untracked 
|  17|0x00000000c5300000, 0x00000000c5300000, 0x00000000c5400000|  0%| F|  |TAMS 0x00000000c5300000, 0x00000000c5300000| Untracked 
|  18|0x00000000c5400000, 0x00000000c5400000, 0x00000000c5500000|  0%| F|  |TAMS 0x00000000c5400000, 0x00000000c5400000| Untracked 
|  19|0x00000000c5500000, 0x00000000c5500000, 0x00000000c5600000|  0%| F|  |TAMS 0x00000000c5500000, 0x00000000c5500000| Untracked 
|  20|0x00000000c5600000, 0x00000000c5600000, 0x00000000c5700000|  0%| F|  |TAMS 0x00000000c5600000, 0x00000000c5600000| Untracked 
|  21|0x00000000c5700000, 0x00000000c5700000, 0x00000000c5800000|  0%| F|  |TAMS 0x00000000c5700000, 0x00000000c5700000| Untracked 
|  22|0x00000000c5800000, 0x00000000c5800000, 0x00000000c5900000|  0%| F|  |TAMS 0x00000000c5800000, 0x00000000c5800000| Untracked 
|  23|0x00000000c5900000, 0x00000000c5900000, 0x00000000c5a00000|  0%| F|  |TAMS 0x00000000c5900000, 0x00000000c5900000| Untracked 
|  24|0x00000000c5a00000, 0x00000000c5a00000, 0x00000000c5b00000|  0%| F|  |TAMS 0x00000000c5a00000, 0x00000000c5a00000| Untracked 
|  25|0x00000000c5b00000, 0x00000000c5b00000, 0x00000000c5c00000|  0%| F|  |TAMS 0x00000000c5b00000, 0x00000000c5b00000| Untracked 
|  26|0x00000000c5c00000, 0x00000000c5c00000, 0x00000000c5d00000|  0%| F|  |TAMS 0x00000000c5c00000, 0x00000000c5c00000| Untracked 
|  27|0x00000000c5d00000, 0x00000000c5d00000, 0x00000000c5e00000|  0%| F|  |TAMS 0x00000000c5d00000, 0x00000000c5d00000| Untracked 
|  28|0x00000000c5e00000, 0x00000000c5e00000, 0x00000000c5f00000|  0%| F|  |TAMS 0x00000000c5e00000, 0x00000000c5e00000| Untracked 
|  29|0x00000000c5f00000, 0x00000000c5f00000, 0x00000000c6000000|  0%| F|  |TAMS 0x00000000c5f00000, 0x00000000c5f00000| Untracked 
|  30|0x00000000c6000000, 0x00000000c6000000, 0x00000000c6100000|  0%| F|  |TAMS 0x00000000c6000000, 0x00000000c6000000| Untracked 
|  31|0x00000000c6100000, 0x00000000c6100000, 0x00000000c6200000|  0%| F|  |TAMS 0x00000000c6100000, 0x00000000c6100000| Untracked 
|  32|0x00000000c6200000, 0x00000000c6200000, 0x00000000c6300000|  0%| F|  |TAMS 0x00000000c6200000, 0x00000000c6200000| Untracked 
|  33|0x00000000c6300000, 0x00000000c6300000, 0x00000000c6400000|  0%| F|  |TAMS 0x00000000c6300000, 0x00000000c6300000| Untracked 
|  34|0x00000000c6400000, 0x00000000c6400000, 0x00000000c6500000|  0%| F|  |TAMS 0x00000000c6400000, 0x00000000c6400000| Untracked 
|  35|0x00000000c6500000, 0x00000000c6500000, 0x00000000c6600000|  0%| F|  |TAMS 0x00000000c6500000, 0x00000000c6500000| Untracked 
|  36|0x00000000c6600000, 0x00000000c6600000, 0x00000000c6700000|  0%| F|  |TAMS 0x00000000c6600000, 0x00000000c6600000| Untracked 
|  37|0x00000000c6700000, 0x00000000c6700000, 0x00000000c6800000|  0%| F|  |TAMS 0x00000000c6700000, 0x00000000c6700000| Untracked 
|  38|0x00000000c6800000, 0x00000000c6800000, 0x00000000c6900000|  0%| F|  |TAMS 0x00000000c6800000, 0x00000000c6800000| Untracked 
|  39|0x00000000c6900000, 0x00000000c6900000, 0x00000000c6a00000|  0%| F|  |TAMS 0x00000000c6900000, 0x00000000c6900000| Untracked 
|  40|0x00000000c6a00000, 0x00000000c6a00000, 0x00000000c6b00000|  0%| F|  |TAMS 0x00000000c6a00000, 0x00000000c6a00000| Untracked 
|  41|0x00000000c6b00000, 0x00000000c6b00000, 0x00000000c6c00000|  0%| F|  |TAMS 0x00000000c6b00000, 0x00000000c6b00000| Untracked 
|  42|0x00000000c6c00000, 0x00000000c6c00000, 0x00000000c6d00000|  0%| F|  |TAMS 0x00000000c6c00000, 0x00000000c6c00000| Untracked 
|  43|0x00000000c6d00000, 0x00000000c6d00000, 0x00000000c6e00000|  0%| F|  |TAMS 0x00000000c6d00000, 0x00000000c6d00000| Untracked 
|  44|0x00000000c6e00000, 0x00000000c6e00000, 0x00000000c6f00000|  0%| F|  |TAMS 0x00000000c6e00000, 0x00000000c6e00000| Untracked 
|  45|0x00000000c6f00000, 0x00000000c6f00000, 0x00000000c7000000|  0%| F|  |TAMS 0x00000000c6f00000, 0x00000000c6f00000| Untracked 
|  46|0x00000000c7000000, 0x00000000c7000000, 0x00000000c7100000|  0%| F|  |TAMS 0x00000000c7000000, 0x00000000c7000000| Untracked 
|  47|0x00000000c7100000, 0x00000000c7100000, 0x00000000c7200000|  0%| F|  |TAMS 0x00000000c7100000, 0x00000000c7100000| Untracked 
|  48|0x00000000c7200000, 0x00000000c7200000, 0x00000000c7300000|  0%| F|  |TAMS 0x00000000c7200000, 0x00000000c7200000| Untracked 
|  49|0x00000000c7300000, 0x00000000c7300000, 0x00000000c7400000|  0%| F|  |TAMS 0x00000000c7300000, 0x00000000c7300000| Untracked 
|  50|0x00000000c7400000, 0x00000000c7400000, 0x00000000c7500000|  0%| F|  |TAMS 0x00000000c7400000, 0x00000000c7400000| Untracked 
|  51|0x00000000c7500000, 0x00000000c7500000, 0x00000000c7600000|  0%| F|  |TAMS 0x00000000c7500000, 0x00000000c7500000| Untracked 
|  52|0x00000000c7600000, 0x00000000c7600000, 0x00000000c7700000|  0%| F|  |TAMS 0x00000000c7600000, 0x00000000c7600000| Untracked 
|  53|0x00000000c7700000, 0x00000000c7700000, 0x00000000c7800000|  0%| F|  |TAMS 0x00000000c7700000, 0x00000000c7700000| Untracked 
|  54|0x00000000c7800000, 0x00000000c7800000, 0x00000000c7900000|  0%| F|  |TAMS 0x00000000c7800000, 0x00000000c7800000| Untracked 
|  55|0x00000000c7900000, 0x00000000c7900000, 0x00000000c7a00000|  0%| F|  |TAMS 0x00000000c7900000, 0x00000000c7900000| Untracked 
|  56|0x00000000c7a00000, 0x00000000c7a00000, 0x00000000c7b00000|  0%| F|  |TAMS 0x00000000c7a00000, 0x00000000c7a00000| Untracked 
|  57|0x00000000c7b00000, 0x00000000c7b00000, 0x00000000c7c00000|  0%| F|  |TAMS 0x00000000c7b00000, 0x00000000c7b00000| Untracked 
|  58|0x00000000c7c00000, 0x00000000c7cc8670, 0x00000000c7d00000| 78%| E|  |TAMS 0x00000000c7c00000, 0x00000000c7c00000| Complete 
|  59|0x00000000c7d00000, 0x00000000c7e00000, 0x00000000c7e00000|100%| E|CS|TAMS 0x00000000c7d00000, 0x00000000c7d00000| Complete 

Card table byte_map: [0x000002c155100000,0x000002c1552e0000] _byte_map_base: 0x000002c154adf000

Marking Bits (Prev, Next): (CMBitMap*) 0x000002c14a936830, (CMBitMap*) 0x000002c14a936870
 Prev Bits: [0x000002c1554c0000, 0x000002c1563b8000)
 Next Bits: [0x000002c1563c0000, 0x000002c1572b8000)

Polling page: 0x000002c148aa0000

Metaspace:

Usage:
  Non-class:      4.94 MB used.
      Class:    467.40 KB used.
       Both:      5.39 MB used.

Virtual space:
  Non-class space:        8.00 MB reserved,       5.00 MB ( 62%) committed,  1 nodes.
      Class space:        1.00 GB reserved,     512.00 KB ( <1%) committed,  1 nodes.
             Both:        1.01 GB reserved,       5.50 MB ( <1%) committed. 

Chunk freelists:
   Non-Class:  3.00 MB
       Class:  3.53 MB
        Both:  6.53 MB

MaxMetaspaceSize: unlimited
CompressedClassSpaceSize: 1.00 GB
Initial GC threshold: 21.00 MB
Current GC threshold: 21.00 MB
CDS: off
MetaspaceReclaimPolicy: balanced
 - commit_granule_bytes: 65536.
 - commit_granule_words: 8192.
 - virtual_space_node_default_size: 1048576.
 - enlarge_chunks_in_place: 1.
 - new_chunks_are_fully_committed: 0.
 - uncommit_free_chunks: 1.
 - use_allocation_guard: 0.
 - handle_deallocations: 1.


Internal statistics:

num_allocs_failed_limit: 0.
num_arena_births: 4.
num_arena_deaths: 0.
num_vsnodes_births: 2.
num_vsnodes_deaths: 0.
num_space_committed: 88.
num_space_uncommitted: 0.
num_chunks_returned_to_freelist: 0.
num_chunks_taken_from_freelist: 9.
num_chunk_merges: 0.
num_chunk_splits: 3.
num_chunks_enlarged: 1.
num_purges: 0.
num_inconsistent_stats: 0.

CodeCache: size=49152Kb used=1831Kb max_used=1831Kb free=47320Kb
 bounds [0x000002c152100000, 0x000002c152370000, 0x000002c155100000]
 total_blobs=523 nmethods=180 adapters=270
 compilation: enabled
              stopped_count=0, restarted_count=0
 full_count=0

Compilation events (20 events):
Event: 0.208 Thread 0x000002c1001b0400 nmethod 170 0x000002c1522c3590 code [0x000002c1522c3720, 0x000002c1522c37f8]
Event: 0.208 Thread 0x000002c14a99f710 nmethod 171 0x000002c1522c3890 code [0x000002c1522c3a20, 0x000002c1522c3ad8]
Event: 0.208 Thread 0x000002c14a99f710  172       1       java.lang.module.ModuleDescriptor$Provides::service (5 bytes)
Event: 0.208 Thread 0x000002c14a99f710 nmethod 172 0x000002c1522c3b90 code [0x000002c1522c3d20, 0x000002c1522c3df8]
Event: 0.211 Thread 0x000002c14a99f710  173       1       java.net.URL::getFile (5 bytes)
Event: 0.211 Thread 0x000002c1001b0400  174       1       java.net.URL::getRef (5 bytes)
Event: 0.211 Thread 0x000002c14a99f710 nmethod 173 0x000002c1522c3e90 code [0x000002c1522c4020, 0x000002c1522c40f8]
Event: 0.211 Thread 0x000002c1001b0400 nmethod 174 0x000002c1522c4190 code [0x000002c1522c4320, 0x000002c1522c43f8]
Event: 0.211 Thread 0x000002c14a99f710  175       1       java.net.URL::getProtocol (5 bytes)
Event: 0.211 Thread 0x000002c14a99f710 nmethod 175 0x000002c1522c4490 code [0x000002c1522c4620, 0x000002c1522c46f8]
Event: 0.213 Thread 0x000002c1001b0400  176       1       java.lang.String::checkBoundsBeginEnd (63 bytes)
Event: 0.213 Thread 0x000002c1001b0400 nmethod 176 0x000002c1522c5090 code [0x000002c1522c52a0, 0x000002c1522c56b8]
Event: 0.214 Thread 0x000002c14a99f710  177       1       java.lang.String::substring (58 bytes)
Event: 0.214 Thread 0x000002c14a99f710 nmethod 177 0x000002c1522c5910 code [0x000002c1522c5ae0, 0x000002c1522c5dc8]
Event: 0.216 Thread 0x000002c1001b0400  178       1       java.lang.StringBuilder::append (8 bytes)
Event: 0.216 Thread 0x000002c14a99f710  179       1       java.lang.AbstractStringBuilder::append (77 bytes)
Event: 0.216 Thread 0x000002c1001b0400 nmethod 178 0x000002c1522c5f10 code [0x000002c1522c60a0, 0x000002c1522c6188]
Event: 0.217 Thread 0x000002c14a99f710 nmethod 179 0x000002c1522c6210 code [0x000002c1522c63c0, 0x000002c1522c6608]
Event: 0.220 Thread 0x000002c14a99f710  180       1       java.io.WinNTFileSystem::isSlash (18 bytes)
Event: 0.220 Thread 0x000002c14a99f710 nmethod 180 0x000002c1522c6790 code [0x000002c1522c6920, 0x000002c1522c6a18]

GC Heap History (0 events):
No events

Deoptimization events (0 events):
No events

Classes unloaded (0 events):
No events

Classes redefined (0 events):
No events

Internal exceptions (0 events):
No events

VM Operations (2 events):
Event: 0.196 Executing VM operation: HandshakeAllThreads
Event: 0.196 Executing VM operation: HandshakeAllThreads done

Events (20 events):
Event: 0.232 loading class sun/nio/fs/WindowsNativeDispatcher$FirstFile
Event: 0.232 loading class sun/nio/fs/WindowsNativeDispatcher$FirstFile done
Event: 0.232 loading class sun/nio/fs/WindowsNativeDispatcher$FirstStream
Event: 0.232 loading class sun/nio/fs/WindowsNativeDispatcher$FirstStream done
Event: 0.232 loading class sun/nio/fs/WindowsNativeDispatcher$VolumeInformation
Event: 0.232 loading class sun/nio/fs/WindowsNativeDispatcher$VolumeInformation done
Event: 0.232 loading class sun/nio/fs/WindowsNativeDispatcher$DiskFreeSpace
Event: 0.233 loading class sun/nio/fs/WindowsNativeDispatcher$DiskFreeSpace done
Event: 0.233 loading class sun/nio/fs/WindowsNativeDispatcher$Account
Event: 0.233 loading class sun/nio/fs/WindowsNativeDispatcher$Account done
Event: 0.233 loading class sun/nio/fs/WindowsNativeDispatcher$AclInformation
Event: 0.233 loading class sun/nio/fs/WindowsNativeDispatcher$AclInformation done
Event: 0.233 loading class sun/nio/fs/WindowsNativeDispatcher$CompletionStatus
Event: 0.233 loading class sun/nio/fs/WindowsNativeDispatcher$CompletionStatus done
Event: 0.233 loading class java/io/RandomAccessFile
Event: 0.233 loading class java/io/DataOutput
Event: 0.233 loading class java/io/DataOutput done
Event: 0.233 loading class java/io/DataInput
Event: 0.233 loading class java/io/DataInput done
Event: 0.233 loading class java/io/RandomAccessFile done


Dynamic libraries:
0x00007ff7faf40000 - 0x00007ff7faf50000 	C:\Program Files\Java\jdk-17\bin\java.exe
0x00007ffff2c90000 - 0x00007ffff2ea4000 	C:\WINDOWS\SYSTEM32\ntdll.dll
0x00007ffff26e0000 - 0x00007ffff27a4000 	C:\WINDOWS\System32\KERNEL32.DLL
0x00007ffff0070000 - 0x00007ffff0414000 	C:\WINDOWS\System32\KERNELBASE.dll
0x00007ffff0810000 - 0x00007ffff0921000 	C:\WINDOWS\System32\ucrtbase.dll
0x00007fffb47a0000 - 0x00007fffb47b8000 	C:\Program Files\Java\jdk-17\bin\jli.dll
0x00007ffff15f0000 - 0x00007ffff16a0000 	C:\WINDOWS\System32\ADVAPI32.dll
0x00007ffff1b50000 - 0x00007ffff1bf7000 	C:\WINDOWS\System32\msvcrt.dll
0x00007ffff0ad0000 - 0x00007ffff0b76000 	C:\WINDOWS\System32\sechost.dll
0x00007ffff14d0000 - 0x00007ffff15e7000 	C:\WINDOWS\System32\RPCRT4.dll
0x00007ffff29e0000 - 0x00007ffff2b8a000 	C:\WINDOWS\System32\USER32.dll
0x00007ffff0420000 - 0x00007ffff0446000 	C:\WINDOWS\System32\win32u.dll
0x00007ffff13a0000 - 0x00007ffff13c9000 	C:\WINDOWS\System32\GDI32.dll
0x00007ffff0930000 - 0x00007ffff0a49000 	C:\WINDOWS\System32\gdi32full.dll
0x00007ffff0450000 - 0x00007ffff04ea000 	C:\WINDOWS\System32\msvcp_win.dll
0x00007fffbbf10000 - 0x00007fffbbf2a000 	C:\Program Files\Java\jdk-17\bin\VCRUNTIME140.dll
0x00007fffdea30000 - 0x00007fffdecbf000 	C:\WINDOWS\WinSxS\amd64_microsoft.windows.common-controls_6595b64144ccf1df_6.0.22621.2070_none_2713e6537381f706\COMCTL32.dll
0x00007fffe4cb0000 - 0x00007fffe4cba000 	C:\WINDOWS\SYSTEM32\VERSION.dll
0x00007ffff1e60000 - 0x00007ffff1e91000 	C:\WINDOWS\System32\IMM32.DLL
0x00007fffc78e0000 - 0x00007fffc78ec000 	C:\Program Files\Java\jdk-17\bin\vcruntime140_1.dll
0x00007fff99d30000 - 0x00007fff99dbd000 	C:\Program Files\Java\jdk-17\bin\msvcp140.dll
0x00007fff99170000 - 0x00007fff99d2e000 	C:\Program Files\Java\jdk-17\bin\server\jvm.dll
0x00007ffff2b90000 - 0x00007ffff2b98000 	C:\WINDOWS\System32\PSAPI.DLL
0x00007fffc3db0000 - 0x00007fffc3db9000 	C:\WINDOWS\SYSTEM32\WSOCK32.dll
0x00007ffff2830000 - 0x00007ffff28a1000 	C:\WINDOWS\System32\WS2_32.dll
0x00007fffedc20000 - 0x00007fffedc54000 	C:\WINDOWS\SYSTEM32\WINMM.dll
0x00007fffef0b0000 - 0x00007fffef0c8000 	C:\WINDOWS\SYSTEM32\kernel.appcore.dll
0x00007fffbd120000 - 0x00007fffbd12a000 	C:\Program Files\Java\jdk-17\bin\jimage.dll
0x00007fffed850000 - 0x00007fffeda7e000 	C:\WINDOWS\SYSTEM32\DBGHELP.DLL
0x00007ffff16a0000 - 0x00007ffff1a2a000 	C:\WINDOWS\System32\combase.dll
0x00007ffff2600000 - 0x00007ffff26d7000 	C:\WINDOWS\System32\OLEAUT32.dll
0x00007fffed7f0000 - 0x00007fffed822000 	C:\WINDOWS\SYSTEM32\dbgcore.DLL
0x00007ffff0560000 - 0x00007ffff05da000 	C:\WINDOWS\System32\bcryptPrimitives.dll
0x00007fffec920000 - 0x00007fffec92e000 	C:\Program Files\Java\jdk-17\bin\instrument.dll
0x00007fff9abc0000 - 0x00007fff9abe5000 	C:\Program Files\Java\jdk-17\bin\java.dll
0x00007fff99090000 - 0x00007fff99166000 	C:\Program Files\Java\jdk-17\bin\svml.dll
0x00007ffff0b80000 - 0x00007ffff1396000 	C:\WINDOWS\System32\SHELL32.dll
0x00007fffedff0000 - 0x00007fffee8da000 	C:\WINDOWS\SYSTEM32\windows.storage.dll
0x00007fffedeb0000 - 0x00007fffedfee000 	C:\WINDOWS\SYSTEM32\wintypes.dll
0x00007ffff13d0000 - 0x00007ffff14c3000 	C:\WINDOWS\System32\SHCORE.dll
0x00007ffff28b0000 - 0x00007ffff290e000 	C:\WINDOWS\System32\shlwapi.dll
0x00007fffeffa0000 - 0x00007fffeffc6000 	C:\WINDOWS\SYSTEM32\profapi.dll
0x00007fff99070000 - 0x00007fff99088000 	C:\Program Files\Java\jdk-17\bin\zip.dll
0x00007fff9aba0000 - 0x00007fff9abb9000 	C:\Program Files\Java\jdk-17\bin\net.dll
0x00007fffe8a90000 - 0x00007fffe8bc7000 	C:\WINDOWS\SYSTEM32\WINHTTP.dll
0x00007fff9a7b0000 - 0x00007fff9a7c5000 	C:\Program Files\Java\jdk-17\bin\nio.dll
0x00007fffef5a0000 - 0x00007fffef609000 	C:\WINDOWS\SYSTEM32\MSWSOCK.dll

dbghelp: loaded successfully - version: 4.0.5 - missing functions: none
symbol engine: initialized successfully - sym options: 0x614 - pdb path: .;C:\Program Files\Java\jdk-17\bin;C:\WINDOWS\SYSTEM32;C:\WINDOWS\WinSxS\amd64_microsoft.windows.common-controls_6595b64144ccf1df_6.0.22621.2070_none_2713e6537381f706;C:\Program Files\Java\jdk-17\bin\server

VM Arguments:
jvm_args: -XX:TieredStopAtLevel=1 -Dspring.output.ansi.enabled=always -Dcom.sun.management.jmxremote -Dspring.jmx.enabled=true -Dspring.liveBeansView.mbeanDomain -Dspring.application.admin.enabled=true -Dmanagement.endpoints.jmx.exposure.include=* -javaagent:C:\Program Files\JetBrains\IntelliJ IDEA 2023.1\lib\idea_rt.jar=49848:C:\Program Files\JetBrains\IntelliJ IDEA 2023.1\bin -Dfile.encoding=UTF-8 
java_command: br.edu.ifpb.dac.karoline.animaladoption.AnimalAdoptionApplication
java_class_path (initial): C:\Users\carlo\IdeaProjects\AnimalAdoption\target\classes;C:\Users\carlo\.m2\repository\org\springframework\boot\spring-boot-starter-data-jpa\3.1.2\spring-boot-starter-data-jpa-3.1.2.jar;C:\Users\carlo\.m2\repository\org\springframework\boot\spring-boot-starter-aop\3.1.2\spring-boot-starter-aop-3.1.2.jar;C:\Users\carlo\.m2\repository\org\springframework\spring-aop\6.0.11\spring-aop-6.0.11.jar;C:\Users\carlo\.m2\repository\org\aspectj\aspectjweaver\1.9.19\aspectjweaver-1.9.19.jar;C:\Users\carlo\.m2\repository\org\springframework\boot\spring-boot-starter-jdbc\3.1.2\spring-boot-starter-jdbc-3.1.2.jar;C:\Users\carlo\.m2\repository\com\zaxxer\HikariCP\5.0.1\HikariCP-5.0.1.jar;C:\Users\carlo\.m2\repository\org\springframework\spring-jdbc\6.0.11\spring-jdbc-6.0.11.jar;C:\Users\carlo\.m2\repository\org\hibernate\orm\hibernate-core\6.2.6.Final\hibernate-core-6.2.6.Final.jar;C:\Users\carlo\.m2\repository\jakarta\persistence\jakarta.persistence-api\3.1.0\jakarta.persistence-api-3.1.0.jar;C:\Users\carlo\.m2\repository\jakarta\transaction\jakarta.transaction-api\2.0.1\jakarta.transaction-api-2.0.1.jar;C:\Users\carlo\.m2\repository\org\jboss\logging\jboss-logging\3.5.3.Final\jboss-logging-3.5.3.Final.jar;C:\Users\carlo\.m2\repository\org\hibernate\common\hibernate-commons-annotations\6.0.6.Final\hibernate-commons-annotations-6.0.6.Final.jar;C:\Users\carlo\.m2\repository\io\smallrye\jandex\3.0.5\jandex-3.0.5.jar;C:\Users\carlo\.m2\repository\com\fasterxml\classmate\1.5.1\classmate-1.5.1.jar;C:\Users\carlo\.m2\repository\net\bytebuddy\byte-buddy\1.14.5\byte-buddy-1.14.5.jar;C:\Users\carlo\.m2\repository\org\glassfish\jaxb\jaxb-runtime\4.0.3\jaxb-runtime-4.0.3.jar;C:\Users\carlo\.m2\repository\org\glassfish\jaxb\jaxb-core\4.0.3\jaxb-core-4.0.3.jar;C:\Users\carlo\.m2\repository\org\eclipse\angus\angus-activation\2.0.1\angus-activation-2.0.1.jar;C:\Users\carlo\.m2\repository\org\glassfish\jaxb\txw2\4.0.3\txw2-4.0.3.jar;C:\Users\carlo\.m2\repository\com\sun
Launcher Type: SUN_STANDARD

[Global flags]
     intx CICompilerCount                          = 3                                         {product} {ergonomic}
     uint ConcGCThreads                            = 1                                         {product} {ergonomic}
     uint G1ConcRefinementThreads                  = 4                                         {product} {ergonomic}
   size_t G1HeapRegionSize                         = 1048576                                   {product} {ergonomic}
    uintx GCDrainStackTargetSize                   = 64                                        {product} {ergonomic}
   size_t InitialHeapSize                          = 62914560                                  {product} {ergonomic}
     bool ManagementServer                         = true                                      {product} {command line}
   size_t MarkStackSize                            = 4194304                                   {product} {ergonomic}
   size_t MaxHeapSize                              = 1004535808                                {product} {ergonomic}
   size_t MaxNewSize                               = 601882624                                 {product} {ergonomic}
   size_t MinHeapDeltaBytes                        = 1048576                                   {product} {ergonomic}
   size_t MinHeapSize                              = 8388608                                   {product} {ergonomic}
    uintx NonProfiledCodeHeapSize                  = 0                                      {pd product} {ergonomic}
     bool ProfileInterpreter                       = false                                  {pd product} {command line}
    uintx ProfiledCodeHeapSize                     = 0                                      {pd product} {ergonomic}
   size_t SoftMaxHeapSize                          = 1004535808                             {manageable} {ergonomic}
     intx TieredStopAtLevel                        = 1                                         {product} {command line}
     bool UseCompressedClassPointers               = true                           {product lp64_product} {ergonomic}
     bool UseCompressedOops                        = true                           {product lp64_product} {ergonomic}
     bool UseG1GC                                  = true                                      {product} {ergonomic}
     bool UseLargePagesIndividualAllocation        = false                                  {pd product} {ergonomic}

Logging:
Log output configuration:
 #0: stdout all=warning uptime,level,tags
 #1: stderr all=off uptime,level,tags

Environment Variables:
PATH=C:\Program Files\Common Files\Oracle\Java\javapath;C:\WINDOWS\system32;C:\WINDOWS;C:\WINDOWS\System32\Wbem;C:\WINDOWS\System32\WindowsPowerShell\v1.0\;C:\WINDOWS\System32\OpenSSH\;C:\Program Files\dotnet\;C:\Program Files (x86)\Git\cmd;C:\Program Files\Notepad++;C:\Program Files\Git\cmd;C:\Program Files\MongoDB\Server\6.0\bin;C:\Program Files\MongoDB\Tools\100\bin;C:\Program Files\Java\jdk-17;C:\Program Files\Docker\Docker\resources\bin;";C:\Program Files\Erlang OTP\bin";C:\Program Files\nodejs\;C:\Users\carlo\AppData\Local\Microsoft\WindowsApps;C:\Program Files\JetBrains\IntelliJ IDEA 2023.1\bin;C:\Users\carlo\AppData\Local\gitkraken\bin;C:\Users\carlo\AppData\Local\Programs\Python\Python311\python.exe;;C:\Users\carlo\AppData\Local\Programs\Microsoft VS Code\bin;C:\Users\carlo\AppData\Roaming\npm
USERNAME=carlo
OS=Windows_NT
PROCESSOR_IDENTIFIER=Intel64 Family 6 Model 140 Stepping 1, GenuineIntel



---------------  S Y S T E M  ---------------

OS:
 Windows 10 , 64 bit Build 22621 (10.0.22621.2070)
OS uptime: 0 days 0:13 hours
Hyper-V role detected

CPU: total 4 (initial active 4) (2 cores per cpu, 2 threads per core) family 6 model 140 stepping 1 microcode 0xa4, cx8, cmov, fxsr, ht, mmx, 3dnowpref, sse, sse2, sse3, ssse3, sse4.1, sse4.2, popcnt, lzcnt, tsc, tscinvbit, avx, avx2, aes, erms, clmul, bmi1, bmi2, adx, avx512f, avx512dq, avx512cd, avx512bw, avx512vl, sha, fma, vzeroupper, avx512_vpopcntdq, avx512_vpclmulqdq, avx512_vaes, avx512_vnni, clflush, clflushopt, clwb, avx512_vbmi2, avx512_vbmi, hv

Memory: 4k page, system-wide physical 3830M (280M free)
TotalPageFile size 8446M (AvailPageFile size 0M)
current process WorkingSet (physical memory assigned to process): 28M, peak: 28M
current process commit charge ("private bytes"): 119M, peak: 119M

vm_info: Java HotSpot(TM) 64-Bit Server VM (17+35-LTS-2724) for windows-amd64 JRE (17+35-LTS-2724), built on Aug  5 2021 23:28:28 by "mach5one" with MS VC++ 16.8 (VS2019)

END.
